{"message":"Server started on port 6002","level":"warn"}
{"message":"Server started on port 6002","level":"warn"}
{"message":"Server started on port 6002","level":"warn"}
undefined
{"message":"Server started on port 6002","level":"warn"}
{"message":"Server started on port 6002","level":"warn","label":"right meow!","timestamp":"2021-03-20T14:38:23.839Z"}
{"message":"Server started on port 6002","level":"warn","label":"by Karelle","timestamp":"2021-03-20T14:39:13.920Z"}
{"message":"Server started on port 6002","level":"warn","label":"by Karelle","timestamp":"2021-03-20T14:39:18.105Z"}
{"message":"Server started on port 6002","level":"warn","label":"by Karelle","timestamp":"2021-03-20T14:39:45.687Z"}
{"message":"Server started on port 6002","level":"warn","label":"by Karelle","timestamp":"2021-03-20T14:39:54.637Z"}
{"message":"Server started on port 6002","level":"warn","label":"by Karelle","timestamp":"2021-03-20T14:40:49.779Z"}
{"message":"Server started on port 6002","level":"\u001b[33mwarn\u001b[39m","label":"by Karelle","timestamp":"2021-03-20T14:42:27.843Z"}
{"message":"Server started on port 6002","level":"\u001b[33mwarn\u001b[39m","label":"by Karelle","timestamp":"2021-03-20T14:42:32.382Z"}
{"message":"Server started on port 6002","level":"\u001b[33mwarn\u001b[39m","label":"by Karelle","timestamp":"2021-03-20T14:42:34.695Z"}
{"message":"Server started on port 6002","level":"\u001b[33mwarn\u001b[39m","label":"by Karelle","timestamp":"2021-03-20T14:42:39.659Z"}
{"message":"Server started on port 6002","level":"\u001b[33mwarn\u001b[39m","label":"by Karelle","timestamp":"20-03"}
{"message":"Server started on port 6002","level":"\u001b[33mwarn\u001b[39m","label":"by Karelle","timestamp":"20-03-"}
{"message":"Server started on port 6002","level":"\u001b[33mwarn\u001b[39m","label":"by Karelle","timestamp":"20-03-2021"}
{"message":"Server started on port 6002","level":"\u001b[33mwarn\u001b[39m","label":"by Karelle","timestamp":"20-03-2021 15:42"}
{"message":"Server started on port 6002","level":"\u001b[33mwarn\u001b[39m","label":"by Karelle","timestamp":"20-03-2021 15:42:57"}
{"message":"Server started on port 6002","level":"\u001b[33mwarn\u001b[39m","label":"by Karelle","timestamp":"20-03-2021 15:43:01"}
{"message":"Server started on port 6002","level":"warn","label":"by Karelle","timestamp":"20-03-2021 15:43:39"}
{"message":"Server started on port 6002","level":"\u001b[33mwarn\u001b[39m","label":"by Karelle","timestamp":"20-03-2021 15:43:42"}
{"message":"Server started on port 6002","level":"warn","label":"by Karelle","timestamp":"20-03-2021 15:43:46"}
{"message":"Server started on port 6002","level":"warn","label":"by Karelle","timestamp":"20-03-2021 15:43:53"}
{"message":"Server started on port 6002","level":"warn","label":"by Karelle","timestamp":"20-03-2021 15:43:55"}
{"message":"Server started on port 6002","level":"warn","label":"by Karelle","timestamp":"2021-03-20T14:44:01.002Z"}
{"message":"Server started on port 6002","level":"warn","label":"by Karelle","timestamp":"2021-03-20T14:44:05.971Z"}
{"message":"Server started on port 6002","level":"warn","label":"by Karelle","timestamp":"2021-03-20T14:44:19.568Z"}
{"message":"Server started on port 6002","level":"warn","label":"by Karelle","timestamp":"2021-03-20T14:44:24.568Z"}
{"message":"Server started on port 6002","level":"warn","label":"by Karelle","timestamp":"2021-03-20T15:12:31.332Z"}
